MPASM 5.53                        TASK 6.ASM   11-19-2013  17:49:25         PAGE  1


LOC  OBJECT CODE     LINE SOURCE TEXT
  VALUE

                      00001  #include "p16f84a.inc"
                      00001         LIST
                      00002 
                      00003 ;==========================================================================
                      00004 ;  MPASM PIC16F84A processor include
                      00005 ; 
                      00006 ;  (c) Copyright 1999-2013 Microchip Technology, All rights reserved
                      00007 ;==========================================================================
                      00008 
                      00208         LIST
                      00002 
0000                  00003 INIT:
0000   1683           00004     BSF STATUS, RP0 ;;move to bank 1
                      00005 
0001   30FF           00006     MOVLW 0XFF ;;set the switches for input
Message[302]: Register in operand not in bank 0.  Ensure that bank bits are correct.
0002   0085           00007     MOVWF TRISA
                      00008 
Message[302]: Register in operand not in bank 0.  Ensure that bank bits are correct.
0003   0186           00009     CLRF TRISB ;;set the lights for output
                      00010 
0004   1283           00011     BCF STATUS, RP0 ;;move bank to bank 0
                      00012 
Warning[207]: Found label after column 1. (VALA)
  000000C0            00013     VALA EQU 0xC0 ;;define vars
Warning[207]: Found label after column 1. (VALB)
  000000C1            00014     VALB EQU 0xC1
Warning[207]: Found label after column 1. (VALC)
  000000C2            00015     VALC EQU 0xC2
                      00016 
Warning[207]: Found label after column 1. (COUNTER1)
  000000C3            00017     COUNTER1 EQU 0xC3
Warning[207]: Found label after column 1. (COUNTER2)
  000000C4            00018     COUNTER2 EQU 0xC4
Warning[207]: Found label after column 1. (COUNTER3)
  000000C5            00019     COUNTER3 EQU 0xC5
Warning[207]: Found label after column 1. (COUNTER4)
  000000C6            00020     COUNTER4 EQU 0xC6
Warning[207]: Found label after column 1. (COUNTER5)
  000000C7            00021     COUNTER5 EQU 0xC7
Warning[207]: Found label after column 1. (COUNTER6)
  000000C8            00022     COUNTER6 EQU 0xC8
                      00023 
                      00024 
0005                  00025 MAIN:
0005   1406           00026     BSF PORTB, 0
                      00027 
0006   2007           00028     CALL UP
                      00029 
0007                  00030 UP:
0007   2012           00031     call        WAIT                    ; wait for a bit
0008   1003           00032         bcf     STATUS, 0               ; clear carry bit
0009   0D86           00033         rlf     PORTB,  1               ; rotate left portb, store result portb
MPASM 5.53                        TASK 6.ASM   11-19-2013  17:49:25         PAGE  2


LOC  OBJECT CODE     LINE SOURCE TEXT
  VALUE

000A   1F86           00034         btfss   PORTB,  7                       ; skip next line if top bit set
000B   2807           00035         goto    UP
                      00036 
000C                  00037 DOWN:
000C   2012           00038     call        WAIT                    ; wait for a bit
000D   1003           00039         bcf     STATUS, 0               ; clear carry bit
000E   0C86           00040         rrf     PORTB,  1               ; rotate right portb, store in portb
000F   1C06           00041         btfss   PORTB,  0                       ; skip next line if bottom bit set
0010   280C           00042         goto    DOWN
0011   2807           00043         goto    UP              ; do it all again
                      00044 
0012                  00045 WAIT:
0012   30FF           00046     MOVLW 0xFF
Message[302]: Register in operand not in bank 0.  Ensure that bank bits are correct.
0013   00C3           00047     MOVWF COUNTER1
Message[302]: Register in operand not in bank 0.  Ensure that bank bits are correct.
0014   00C4           00048     MOVWF COUNTER2
Message[302]: Register in operand not in bank 0.  Ensure that bank bits are correct.
0015   00C5           00049     MOVWF COUNTER3
Message[302]: Register in operand not in bank 0.  Ensure that bank bits are correct.
0016   00C6           00050     MOVWF COUNTER4
Message[302]: Register in operand not in bank 0.  Ensure that bank bits are correct.
0017   00C7           00051     MOVWF COUNTER5
Message[302]: Register in operand not in bank 0.  Ensure that bank bits are correct.
0018   00C8           00052     MOVWF COUNTER6
                      00053 
0019   201B           00054     CALL LOOP1
001A   0008           00055     RETURN
                      00056 
001B                  00057 LOOP1:
Message[305]: Using default destination of 1 (file).
Message[302]: Register in operand not in bank 0.  Ensure that bank bits are correct.
001B   0BC3           00058     DECFSZ COUNTER1
001C   201E           00059     CALL LOOP2
001D   0008           00060     RETURN
001E                  00061 LOOP2:
Message[305]: Using default destination of 1 (file).
Message[302]: Register in operand not in bank 0.  Ensure that bank bits are correct.
001E   0BC4           00062     DECFSZ COUNTER2
001F   2021           00063     CALL LOOP3
0020   0008           00064     RETURN
0021                  00065 LOOP3:
Message[305]: Using default destination of 1 (file).
Message[302]: Register in operand not in bank 0.  Ensure that bank bits are correct.
0021   0BC5           00066     DECFSZ COUNTER3
0022   2821           00067     GOTO LOOP3
0023   0008           00068     RETURN
0024                  00069 LOOP4:
Message[305]: Using default destination of 1 (file).
Message[302]: Register in operand not in bank 0.  Ensure that bank bits are correct.
0024   0BC6           00070     DECFSZ COUNTER4
0025   2824           00071     GOTO LOOP4
0026   0008           00072     RETURN
MPASM 5.53                        TASK 6.ASM   11-19-2013  17:49:25         PAGE  3


LOC  OBJECT CODE     LINE SOURCE TEXT
  VALUE

0027                  00073 LOOP5:
Message[305]: Using default destination of 1 (file).
Message[302]: Register in operand not in bank 0.  Ensure that bank bits are correct.
0027   0BC7           00074     DECFSZ COUNTER5
0028   2827           00075     GOTO LOOP5
0029   0008           00076     RETURN
002A                  00077 LOOP6:
Message[305]: Using default destination of 1 (file).
Message[302]: Register in operand not in bank 0.  Ensure that bank bits are correct.
002A   0BC8           00078     DECFSZ COUNTER6
002B   282A           00079     GOTO LOOP6
002C   0008           00080     RETURN
                      00081 
                      00082     END
MPASM 5.53                        TASK 6.ASM   11-19-2013  17:49:25         PAGE  4


SYMBOL TABLE
  LABEL                             VALUE 

C                                 00000000
COUNTER1                          000000C3
COUNTER2                          000000C4
COUNTER3                          000000C5
COUNTER4                          000000C6
COUNTER5                          000000C7
COUNTER6                          000000C8
DC                                00000001
DOWN                              0000000C
EEADR                             00000009
EECON1                            00000088
EECON2                            00000089
EEDATA                            00000008
EEIE                              00000006
EEIF                              00000004
F                                 00000001
FSR                               00000004
GIE                               00000007
INDF                              00000000
INIT                              00000000
INTCON                            0000000B
INTE                              00000004
INTEDG                            00000006
INTF                              00000001
IRP                               00000007
LOOP1                             0000001B
LOOP2                             0000001E
LOOP3                             00000021
LOOP4                             00000024
LOOP5                             00000027
LOOP6                             0000002A
MAIN                              00000005
NOT_PD                            00000003
NOT_RBPU                          00000007
NOT_TO                            00000004
OPTION_REG                        00000081
PCL                               00000002
PCLATH                            0000000A
PORTA                             00000005
PORTB                             00000006
PS0                               00000000
PS1                               00000001
PS2                               00000002
PSA                               00000003
RA0                               00000000
RA1                               00000001
RA2                               00000002
RA3                               00000003
RA4                               00000004
RB0                               00000000
RB1                               00000001
RB2                               00000002
RB3                               00000003
MPASM 5.53                        TASK 6.ASM   11-19-2013  17:49:25         PAGE  5


SYMBOL TABLE
  LABEL                             VALUE 

RB4                               00000004
RB5                               00000005
RB6                               00000006
RB7                               00000007
RBIE                              00000003
RBIF                              00000000
RD                                00000000
RP0                               00000005
RP1                               00000006
STATUS                            00000003
T0CS                              00000005
T0IE                              00000005
T0IF                              00000002
T0SE                              00000004
TMR0                              00000001
TMR0IE                            00000005
TMR0IF                            00000002
TRISA                             00000085
TRISA0                            00000000
TRISA1                            00000001
TRISA2                            00000002
TRISA3                            00000003
TRISA4                            00000004
TRISB                             00000086
TRISB0                            00000000
TRISB1                            00000001
TRISB2                            00000002
TRISB3                            00000003
TRISB4                            00000004
TRISB5                            00000005
TRISB6                            00000006
TRISB7                            00000007
UP                                00000007
VALA                              000000C0
VALB                              000000C1
VALC                              000000C2
W                                 00000000
WAIT                              00000012
WR                                00000001
WREN                              00000002
WRERR                             00000003
Z                                 00000002
_CONFIG                           00002007
_CP_OFF                           00003FFF
_CP_ON                            0000000F
_DEVID1                           00002006
_FOSC_EXTRC                       00003FFF
_FOSC_HS                          00003FFE
_FOSC_LP                          00003FFC
_FOSC_XT                          00003FFD
_HS_OSC                           00003FFE
_IDLOC0                           00002000
_IDLOC1                           00002001
MPASM 5.53                        TASK 6.ASM   11-19-2013  17:49:25         PAGE  6


SYMBOL TABLE
  LABEL                             VALUE 

_IDLOC2                           00002002
_IDLOC3                           00002003
_LP_OSC                           00003FFC
_PWRTE_OFF                        00003FFF
_PWRTE_ON                         00003FF7
_RC_OSC                           00003FFF
_WDTE_OFF                         00003FFB
_WDTE_ON                          00003FFF
_WDT_OFF                          00003FFB
_WDT_ON                           00003FFF
_XT_OSC                           00003FFD
__16F84A                          00000001


MEMORY USAGE MAP ('X' = Used,  '-' = Unused)

0000 : XXXXXXXXXXXXXXXX XXXXXXXXXXXXXXXX XXXXXXXXXXXXX--- ----------------

All other memory blocks unused.

Program Memory Words Used:    45
Program Memory Words Free:   979


Errors   :     0
Warnings :     9 reported,     0 suppressed
Messages :    20 reported,     0 suppressed

