Message[302] C:\USERS\CHRIS\MPLABXPROJECTS\LIGHTS AND SWITCHES.X\TASK 5.ASM 7 : Register in operand not in bank 0.  Ensure that bank bits are correct.
Message[302] C:\USERS\CHRIS\MPLABXPROJECTS\LIGHTS AND SWITCHES.X\TASK 5.ASM 9 : Register in operand not in bank 0.  Ensure that bank bits are correct.
Warning[207] C:\USERS\CHRIS\MPLABXPROJECTS\LIGHTS AND SWITCHES.X\TASK 5.ASM 13 : Found label after column 1. (VALA)
Warning[207] C:\USERS\CHRIS\MPLABXPROJECTS\LIGHTS AND SWITCHES.X\TASK 5.ASM 14 : Found label after column 1. (VALB)
Warning[207] C:\USERS\CHRIS\MPLABXPROJECTS\LIGHTS AND SWITCHES.X\TASK 5.ASM 15 : Found label after column 1. (VALC)
Warning[207] C:\USERS\CHRIS\MPLABXPROJECTS\LIGHTS AND SWITCHES.X\TASK 5.ASM 16 : Found label after column 1. (COUNT1)
Warning[207] C:\USERS\CHRIS\MPLABXPROJECTS\LIGHTS AND SWITCHES.X\TASK 5.ASM 17 : Found label after column 1. (COUNT2)
Warning[207] C:\USERS\CHRIS\MPLABXPROJECTS\LIGHTS AND SWITCHES.X\TASK 5.ASM 18 : Found label after column 1. (COUNT3)
Warning[207] C:\USERS\CHRIS\MPLABXPROJECTS\LIGHTS AND SWITCHES.X\TASK 5.ASM 19 : Found label after column 1. (COUNT4)
Warning[207] C:\USERS\CHRIS\MPLABXPROJECTS\LIGHTS AND SWITCHES.X\TASK 5.ASM 20 : Found label after column 1. (COUNT5)
Warning[207] C:\USERS\CHRIS\MPLABXPROJECTS\LIGHTS AND SWITCHES.X\TASK 5.ASM 21 : Found label after column 1. (COUNT6)
Message[302] C:\USERS\CHRIS\MPLABXPROJECTS\LIGHTS AND SWITCHES.X\TASK 5.ASM 26 : Register in operand not in bank 0.  Ensure that bank bits are correct.
Message[302] C:\USERS\CHRIS\MPLABXPROJECTS\LIGHTS AND SWITCHES.X\TASK 5.ASM 31 : Register in operand not in bank 0.  Ensure that bank bits are correct.
Message[305] C:\USERS\CHRIS\MPLABXPROJECTS\LIGHTS AND SWITCHES.X\TASK 5.ASM 43 : Using default destination of 1 (file).
Message[302] C:\USERS\CHRIS\MPLABXPROJECTS\LIGHTS AND SWITCHES.X\TASK 5.ASM 43 : Register in operand not in bank 0.  Ensure that bank bits are correct.
Warning[207] C:\USERS\CHRIS\MPLABXPROJECTS\LIGHTS AND SWITCHES.X\TASK 5.ASM 48 : Found label after column 1. (WAIT)
Message[302] C:\USERS\CHRIS\MPLABXPROJECTS\LIGHTS AND SWITCHES.X\TASK 5.ASM 60 : Register in operand not in bank 0.  Ensure that bank bits are correct.
Message[302] C:\USERS\CHRIS\MPLABXPROJECTS\LIGHTS AND SWITCHES.X\TASK 5.ASM 77 : Register in operand not in bank 0.  Ensure that bank bits are correct.
Message[305] C:\USERS\CHRIS\MPLABXPROJECTS\LIGHTS AND SWITCHES.X\TASK 5.ASM 78 : Using default destination of 1 (file).
Message[302] C:\USERS\CHRIS\MPLABXPROJECTS\LIGHTS AND SWITCHES.X\TASK 5.ASM 78 : Register in operand not in bank 0.  Ensure that bank bits are correct.
Message[302] C:\USERS\CHRIS\MPLABXPROJECTS\LIGHTS AND SWITCHES.X\TASK 5.ASM 93 : Register in operand not in bank 0.  Ensure that bank bits are correct.
Message[305] C:\USERS\CHRIS\MPLABXPROJECTS\LIGHTS AND SWITCHES.X\TASK 5.ASM 94 : Using default destination of 1 (file).
Message[302] C:\USERS\CHRIS\MPLABXPROJECTS\LIGHTS AND SWITCHES.X\TASK 5.ASM 94 : Register in operand not in bank 0.  Ensure that bank bits are correct.
Message[302] C:\USERS\CHRIS\MPLABXPROJECTS\LIGHTS AND SWITCHES.X\TASK 5.ASM 109 : Register in operand not in bank 0.  Ensure that bank bits are correct.
Message[305] C:\USERS\CHRIS\MPLABXPROJECTS\LIGHTS AND SWITCHES.X\TASK 5.ASM 110 : Using default destination of 1 (file).
Message[302] C:\USERS\CHRIS\MPLABXPROJECTS\LIGHTS AND SWITCHES.X\TASK 5.ASM 110 : Register in operand not in bank 0.  Ensure that bank bits are correct.
Message[302] C:\USERS\CHRIS\MPLABXPROJECTS\LIGHTS AND SWITCHES.X\TASK 5.ASM 125 : Register in operand not in bank 0.  Ensure that bank bits are correct.
Message[305] C:\USERS\CHRIS\MPLABXPROJECTS\LIGHTS AND SWITCHES.X\TASK 5.ASM 126 : Using default destination of 1 (file).
Message[302] C:\USERS\CHRIS\MPLABXPROJECTS\LIGHTS AND SWITCHES.X\TASK 5.ASM 126 : Register in operand not in bank 0.  Ensure that bank bits are correct.
Message[302] C:\USERS\CHRIS\MPLABXPROJECTS\LIGHTS AND SWITCHES.X\TASK 5.ASM 127 : Register in operand not in bank 0.  Ensure that bank bits are correct.
Message[302] C:\USERS\CHRIS\MPLABXPROJECTS\LIGHTS AND SWITCHES.X\TASK 5.ASM 142 : Register in operand not in bank 0.  Ensure that bank bits are correct.
Message[305] C:\USERS\CHRIS\MPLABXPROJECTS\LIGHTS AND SWITCHES.X\TASK 5.ASM 143 : Using default destination of 1 (file).
Message[302] C:\USERS\CHRIS\MPLABXPROJECTS\LIGHTS AND SWITCHES.X\TASK 5.ASM 143 : Register in operand not in bank 0.  Ensure that bank bits are correct.
Message[305] C:\USERS\CHRIS\MPLABXPROJECTS\LIGHTS AND SWITCHES.X\TASK 5.ASM 157 : Using default destination of 1 (file).
Message[302] C:\USERS\CHRIS\MPLABXPROJECTS\LIGHTS AND SWITCHES.X\TASK 5.ASM 157 : Register in operand not in bank 0.  Ensure that bank bits are correct.
