MPASM 5.53                        TASK 5.ASM   11-20-2013  0:38:14         PAGE  1


LOC  OBJECT CODE     LINE SOURCE TEXT
  VALUE

                      00001  #include "p16f84a.inc"
                      00001         LIST
                      00002 
                      00003 ;==========================================================================
                      00004 ;  MPASM PIC16F84A processor include
                      00005 ; 
                      00006 ;  (c) Copyright 1999-2013 Microchip Technology, All rights reserved
                      00007 ;==========================================================================
                      00008 
                      00208         LIST
                      00002 
Error[150]  : Labels must be defined in a code or data section when making an object file
0000                  00003 INIT:
Error[152]  : Executable code and data must be defined in an appropriate section
0000                  00004     BSF     STATUS, RP0 ;move to bank 1
                      00005 
Error[152]  : Executable code and data must be defined in an appropriate section
0000                  00006     MOVLW   0XFF        ;set the switches for input
Message[302]: Register in operand not in bank 0.  Ensure that bank bits are correct.
Error[152]  : Executable code and data must be defined in an appropriate section
0000                  00007     MOVWF   TRISA
                      00008 
Message[302]: Register in operand not in bank 0.  Ensure that bank bits are correct.
Error[152]  : Executable code and data must be defined in an appropriate section
0000                  00009     CLRF    TRISB       ;set the lights for output
                      00010 
Error[152]  : Executable code and data must be defined in an appropriate section
0000                  00011     BCF     STATUS, RP0 ;move bank to bank 0
                      00012 
Warning[207]: Found label after column 1. (VALA)
  000000C0            00013     VALA     EQU 0xC0   ;define vars
Warning[207]: Found label after column 1. (VALB)
  000000C1            00014     VALB     EQU 0xC1
Warning[207]: Found label after column 1. (VALC)
  000000C2            00015     VALC     EQU 0xC2
Warning[207]: Found label after column 1. (COUNT1)
  000000C3            00016     COUNT1   EQU 0xC3
Warning[207]: Found label after column 1. (COUNT2)
  000000C4            00017     COUNT2   EQU 0xC4
Warning[207]: Found label after column 1. (COUNT3)
  000000C5            00018     COUNT3   EQU 0xC5
Warning[207]: Found label after column 1. (COUNT4)
  000000C6            00019     COUNT4   EQU 0xC6
Warning[207]: Found label after column 1. (COUNT5)
  000000C7            00020     COUNT5   EQU 0xC7
Warning[207]: Found label after column 1. (COUNT6)
  000000C8            00021     COUNT6   EQU 0xC8
                      00022     
                      00023 
Error[150]  : Labels must be defined in a code or data section when making an object file
0000                  00024 MAIN:
Error[152]  : Executable code and data must be defined in an appropriate section
0000                  00025     MOVLW   0x00        ;move 0 into vala
MPASM 5.53                        TASK 5.ASM   11-20-2013  0:38:14         PAGE  2


LOC  OBJECT CODE     LINE SOURCE TEXT
  VALUE

Message[302]: Register in operand not in bank 0.  Ensure that bank bits are correct.
Error[152]  : Executable code and data must be defined in an appropriate section
0000                  00026     MOVWF   VALA
                      00027 
Error[151]  : Operand contains unresolvable labels or is too complex
Error[152]  : Executable code and data must be defined in an appropriate section
0000                  00028     CALL    DISPLAY     ;call the display method
                      00029 
Error[150]  : Labels must be defined in a code or data section when making an object file
0000                  00030 DISPLAY:
Message[302]: Register in operand not in bank 0.  Ensure that bank bits are correct.
Error[152]  : Executable code and data must be defined in an appropriate section
0000                  00031     MOVFW   VALA        ;move the current value of vala into portb
Error[152]  : Executable code and data must be defined in an appropriate section
0000                  00032     MOVWF   PORTB
                      00033 
Error[151]  : Operand contains unresolvable labels or is too complex
Error[152]  : Executable code and data must be defined in an appropriate section
0000                  00034     CALL    WAIT        ;call the wait function
Error[151]  : Operand contains unresolvable labels or is too complex
Error[152]  : Executable code and data must be defined in an appropriate section
0000                  00035     CALL    WAIT
Error[151]  : Operand contains unresolvable labels or is too complex
Error[152]  : Executable code and data must be defined in an appropriate section
0000                  00036     CALL    WAIT
Error[151]  : Operand contains unresolvable labels or is too complex
Error[152]  : Executable code and data must be defined in an appropriate section
0000                  00037     CALL    WAIT
Error[151]  : Operand contains unresolvable labels or is too complex
Error[152]  : Executable code and data must be defined in an appropriate section
0000                  00038     CALL    WAIT
Error[151]  : Operand contains unresolvable labels or is too complex
Error[152]  : Executable code and data must be defined in an appropriate section
0000                  00039     CALL    WAIT
Error[151]  : Operand contains unresolvable labels or is too complex
Error[152]  : Executable code and data must be defined in an appropriate section
0000                  00040     CALL    WAIT
Error[151]  : Operand contains unresolvable labels or is too complex
Error[152]  : Executable code and data must be defined in an appropriate section
0000                  00041     CALL    WAIT
Error[151]  : Operand contains unresolvable labels or is too complex
Error[152]  : Executable code and data must be defined in an appropriate section
0000                  00042     CALL    WAIT
Error[151]  : Operand contains unresolvable labels or is too complex
Error[152]  : Executable code and data must be defined in an appropriate section
0000                  00043     CALL    WAIT
Error[151]  : Operand contains unresolvable labels or is too complex
Error[152]  : Executable code and data must be defined in an appropriate section
0000                  00044     CALL    WAIT
Error[151]  : Operand contains unresolvable labels or is too complex
Error[152]  : Executable code and data must be defined in an appropriate section
0000                  00045     CALL    WAIT
Error[151]  : Operand contains unresolvable labels or is too complex
MPASM 5.53                        TASK 5.ASM   11-20-2013  0:38:14         PAGE  3


LOC  OBJECT CODE     LINE SOURCE TEXT
  VALUE

Error[152]  : Executable code and data must be defined in an appropriate section
0000                  00046     CALL    WAIT
                      00047    
                      00048 
                      00049 
Message[305]: Using default destination of 1 (file).
Message[302]: Register in operand not in bank 0.  Ensure that bank bits are correct.
Error[152]  : Executable code and data must be defined in an appropriate section
0000                  00050     INCF    VALA        ;increment the count
                      00051 
Error[151]  : Operand contains unresolvable labels or is too complex
Error[152]  : Executable code and data must be defined in an appropriate section
0000                  00052     GOTO    DISPLAY     ;do over
                      00053 
                      00054 
Warning[207]: Found label after column 1. (WAIT)
Error[150]  : Labels must be defined in a code or data section when making an object file
0000                  00055    WAIT:
Error[152]  : Executable code and data must be defined in an appropriate section
0000                  00056     MOVLW   0xFF        ;move 255 into all of the loop counters
Message[302]: Register in operand not in bank 0.  Ensure that bank bits are correct.
Error[152]  : Executable code and data must be defined in an appropriate section
0000                  00057     MOVWF   COUNT1
Message[302]: Register in operand not in bank 0.  Ensure that bank bits are correct.
Error[152]  : Executable code and data must be defined in an appropriate section
0000                  00058     MOVWF   COUNT2
Message[302]: Register in operand not in bank 0.  Ensure that bank bits are correct.
Error[152]  : Executable code and data must be defined in an appropriate section
0000                  00059     MOVWF   COUNT3
Message[302]: Register in operand not in bank 0.  Ensure that bank bits are correct.
Error[152]  : Executable code and data must be defined in an appropriate section
0000                  00060     MOVWF   COUNT4
Message[302]: Register in operand not in bank 0.  Ensure that bank bits are correct.
Error[152]  : Executable code and data must be defined in an appropriate section
0000                  00061     MOVWF   COUNT5
Message[302]: Register in operand not in bank 0.  Ensure that bank bits are correct.
Error[152]  : Executable code and data must be defined in an appropriate section
0000                  00062     MOVWF   COUNT6
                      00063 
Error[151]  : Operand contains unresolvable labels or is too complex
Error[152]  : Executable code and data must be defined in an appropriate section
0000                  00064     CALL    LOOP1       ;call the first loop
Error[152]  : Executable code and data must be defined in an appropriate section
0000                  00065     RETURN
                      00066 
Error[150]  : Labels must be defined in a code or data section when making an object file
0000                  00067 LOOP1:
Error[152]  : Executable code and data must be defined in an appropriate section
0000                  00068     MOVLW   0xFF
Message[302]: Register in operand not in bank 0.  Ensure that bank bits are correct.
Error[152]  : Executable code and data must be defined in an appropriate section
0000                  00069     MOVWF   COUNT2      ;decrement the counter if not zero call the next loop
Message[305]: Using default destination of 1 (file).
MPASM 5.53                        TASK 5.ASM   11-20-2013  0:38:14         PAGE  4


LOC  OBJECT CODE     LINE SOURCE TEXT
  VALUE

Message[302]: Register in operand not in bank 0.  Ensure that bank bits are correct.
Error[152]  : Executable code and data must be defined in an appropriate section
0000                  00070     DECFSZ  COUNT1      
Error[151]  : Operand contains unresolvable labels or is too complex
Error[152]  : Executable code and data must be defined in an appropriate section
0000                  00071     CALL    LOOP2
Error[152]  : Executable code and data must be defined in an appropriate section
0000                  00072     RETURN
Error[150]  : Labels must be defined in a code or data section when making an object file
0000                  00073 LOOP2:
Error[152]  : Executable code and data must be defined in an appropriate section
0000                  00074     MOVLW   0xFF
Message[302]: Register in operand not in bank 0.  Ensure that bank bits are correct.
Error[152]  : Executable code and data must be defined in an appropriate section
0000                  00075     MOVWF   COUNT3
Message[305]: Using default destination of 1 (file).
Message[302]: Register in operand not in bank 0.  Ensure that bank bits are correct.
Error[152]  : Executable code and data must be defined in an appropriate section
0000                  00076     DECFSZ  COUNT2
Error[151]  : Operand contains unresolvable labels or is too complex
Error[152]  : Executable code and data must be defined in an appropriate section
0000                  00077     CALL    LOOP3
Error[152]  : Executable code and data must be defined in an appropriate section
0000                  00078     RETURN
Error[150]  : Labels must be defined in a code or data section when making an object file
0000                  00079 LOOP3:
Error[152]  : Executable code and data must be defined in an appropriate section
0000                  00080     MOVLW   0xFF
Message[302]: Register in operand not in bank 0.  Ensure that bank bits are correct.
Error[152]  : Executable code and data must be defined in an appropriate section
0000                  00081     MOVWF   COUNT4
Message[305]: Using default destination of 1 (file).
Message[302]: Register in operand not in bank 0.  Ensure that bank bits are correct.
Error[152]  : Executable code and data must be defined in an appropriate section
0000                  00082     DECFSZ  COUNT3
Error[151]  : Operand contains unresolvable labels or is too complex
Error[152]  : Executable code and data must be defined in an appropriate section
0000                  00083     GOTO    LOOP3
Error[152]  : Executable code and data must be defined in an appropriate section
0000                  00084     RETURN
Error[150]  : Labels must be defined in a code or data section when making an object file
0000                  00085 LOOP4:
Error[152]  : Executable code and data must be defined in an appropriate section
0000                  00086     MOVLW   0xFF
Message[302]: Register in operand not in bank 0.  Ensure that bank bits are correct.
Error[152]  : Executable code and data must be defined in an appropriate section
0000                  00087     MOVWF   COUNT5
Message[305]: Using default destination of 1 (file).
Message[302]: Register in operand not in bank 0.  Ensure that bank bits are correct.
Error[152]  : Executable code and data must be defined in an appropriate section
0000                  00088     DECFSZ  COUNT4
Message[302]: Register in operand not in bank 0.  Ensure that bank bits are correct.
Error[152]  : Executable code and data must be defined in an appropriate section
MPASM 5.53                        TASK 5.ASM   11-20-2013  0:38:14         PAGE  5


LOC  OBJECT CODE     LINE SOURCE TEXT
  VALUE

0000                  00089     MOVWF   COUNT5
Error[151]  : Operand contains unresolvable labels or is too complex
Error[152]  : Executable code and data must be defined in an appropriate section
0000                  00090     GOTO    LOOP4
Error[152]  : Executable code and data must be defined in an appropriate section
0000                  00091     RETURN
Error[150]  : Labels must be defined in a code or data section when making an object file
0000                  00092 LOOP5:
Error[152]  : Executable code and data must be defined in an appropriate section
0000                  00093     MOVLW   0xFF
Message[302]: Register in operand not in bank 0.  Ensure that bank bits are correct.
Error[152]  : Executable code and data must be defined in an appropriate section
0000                  00094     MOVWF   COUNT6
Message[305]: Using default destination of 1 (file).
Message[302]: Register in operand not in bank 0.  Ensure that bank bits are correct.
Error[152]  : Executable code and data must be defined in an appropriate section
0000                  00095     DECFSZ  COUNT5
Error[151]  : Operand contains unresolvable labels or is too complex
Error[152]  : Executable code and data must be defined in an appropriate section
0000                  00096     GOTO    LOOP5
Error[152]  : Executable code and data must be defined in an appropriate section
0000                  00097     RETURN
Error[150]  : Labels must be defined in a code or data section when making an object file
0000                  00098 LOOP6:
Message[305]: Using default destination of 1 (file).
Message[302]: Register in operand not in bank 0.  Ensure that bank bits are correct.
Error[152]  : Executable code and data must be defined in an appropriate section
0000                  00099     DECFSZ  COUNT6
Error[151]  : Operand contains unresolvable labels or is too complex
Error[152]  : Executable code and data must be defined in an appropriate section
0000                  00100     GOTO    LOOP6
Error[152]  : Executable code and data must be defined in an appropriate section
0000                  00101     RETURN
                      00102 
                      00103     END
MPASM 5.53                        TASK 5.ASM   11-20-2013  0:38:14         PAGE  6


SYMBOL TABLE
  LABEL                             VALUE 

C                                 00000000
COUNT1                            000000C3
COUNT2                            000000C4
COUNT3                            000000C5
COUNT4                            000000C6
COUNT5                            000000C7
COUNT6                            000000C8
DC                                00000001
DISPLAY                           00000000
EEADR                             00000009
EECON1                            00000088
EECON2                            00000089
EEDATA                            00000008
EEIE                              00000006
EEIF                              00000004
F                                 00000001
FSR                               00000004
GIE                               00000007
INDF                              00000000
INIT                              00000000
INTCON                            0000000B
INTE                              00000004
INTEDG                            00000006
INTF                              00000001
IRP                               00000007
LOOP1                             00000000
LOOP2                             00000000
LOOP3                             00000000
LOOP4                             00000000
LOOP5                             00000000
LOOP6                             00000000
MAIN                              00000000
NOT_PD                            00000003
NOT_RBPU                          00000007
NOT_TO                            00000004
OPTION_REG                        00000081
PCL                               00000002
PCLATH                            0000000A
PORTA                             00000005
PORTB                             00000006
PS0                               00000000
PS1                               00000001
PS2                               00000002
PSA                               00000003
RA0                               00000000
RA1                               00000001
RA2                               00000002
RA3                               00000003
RA4                               00000004
RB0                               00000000
RB1                               00000001
RB2                               00000002
RB3                               00000003
MPASM 5.53                        TASK 5.ASM   11-20-2013  0:38:14         PAGE  7


SYMBOL TABLE
  LABEL                             VALUE 

RB4                               00000004
RB5                               00000005
RB6                               00000006
RB7                               00000007
RBIE                              00000003
RBIF                              00000000
RD                                00000000
RP0                               00000005
RP1                               00000006
STATUS                            00000003
T0CS                              00000005
T0IE                              00000005
T0IF                              00000002
T0SE                              00000004
TMR0                              00000001
TMR0IE                            00000005
TMR0IF                            00000002
TRISA                             00000085
TRISA0                            00000000
TRISA1                            00000001
TRISA2                            00000002
TRISA3                            00000003
TRISA4                            00000004
TRISB                             00000086
TRISB0                            00000000
TRISB1                            00000001
TRISB2                            00000002
TRISB3                            00000003
TRISB4                            00000004
TRISB5                            00000005
TRISB6                            00000006
TRISB7                            00000007
VALA                              000000C0
VALB                              000000C1
VALC                              000000C2
W                                 00000000
WAIT                              00000000
WR                                00000001
WREN                              00000002
WRERR                             00000003
Z                                 00000002
_CONFIG                           00002007
_CP_OFF                           00003FFF
_CP_ON                            0000000F
_DEVID1                           00002006
_FOSC_EXTRC                       00003FFF
_FOSC_HS                          00003FFE
_FOSC_LP                          00003FFC
_FOSC_XT                          00003FFD
_HS_OSC                           00003FFE
_IDLOC0                           00002000
_IDLOC1                           00002001
_IDLOC2                           00002002
MPASM 5.53                        TASK 5.ASM   11-20-2013  0:38:14         PAGE  8


SYMBOL TABLE
  LABEL                             VALUE 

_IDLOC3                           00002003
_LP_OSC                           00003FFC
_PWRTE_OFF                        00003FFF
_PWRTE_ON                         00003FF7
_RC_OSC                           00003FFF
_WDTE_OFF                         00003FFB
_WDTE_ON                          00003FFF
_WDT_OFF                          00003FFB
_WDT_ON                           00003FFF
_XT_OSC                           00003FFD
__16F84A                          00000001

Errors   :    95
Warnings :    10 reported,     0 suppressed
Messages :    30 reported,     0 suppressed

