MPASM 5.53                        TASK 4.ASM   11-18-2013  22:52:10         PAGE  1


LOC  OBJECT CODE     LINE SOURCE TEXT
  VALUE

                      00001  #include "p16f84a.inc"
                      00001         LIST
                      00002 
                      00003 ;==========================================================================
                      00004 ;  MPASM PIC16F84A processor include
                      00005 ; 
                      00006 ;  (c) Copyright 1999-2013 Microchip Technology, All rights reserved
                      00007 ;==========================================================================
                      00008 
                      00208         LIST
                      00002 
0000                  00003 INIT:
0000   1683           00004     BSF STATUS, RP0 ;;move to bank 1
                      00005 
0001   30FF           00006     MOVLW 0XFF ;;set the switches for input
Message[302]: Register in operand not in bank 0.  Ensure that bank bits are correct.
0002   0085           00007     MOVWF TRISA
                      00008 
Message[302]: Register in operand not in bank 0.  Ensure that bank bits are correct.
0003   0186           00009     CLRF TRISB ;;set the lights for output
                      00010 
0004   1283           00011     BCF STATUS, RP0 ;;move bank to bank 0
                      00012 
Warning[207]: Found label after column 1. (VALA)
  000000C0            00013     VALA EQU 0xC0 ;;define vars
Warning[207]: Found label after column 1. (VALB)
  000000C1            00014     VALB EQU 0xC1
Warning[207]: Found label after column 1. (VALC)
  000000C2            00015     VALC EQU 0xC2
                      00016 
0005                  00017 MAIN:
0005   3000           00018     MOVLW 0x00 ;write 0 into vala
Message[302]: Register in operand not in bank 0.  Ensure that bank bits are correct.
0006   00C0           00019     MOVWF VALA
                      00020 
0007   1C05           00021     BTFSS PORTA, 0x00 ;read the first switch and inc vala if pressed
Message[305]: Using default destination of 1 (file).
Message[302]: Register in operand not in bank 0.  Ensure that bank bits are correct.
0008   0AC0           00022     INCF VALA
                      00023 
0009   1C85           00024     BTFSS PORTA, 0x01 ;read the second switch and inc vala if pressed
Message[305]: Using default destination of 1 (file).
Message[302]: Register in operand not in bank 0.  Ensure that bank bits are correct.
000A   0AC0           00025     INCF VALA
                      00026 
000B   1D05           00027     BTFSS PORTA, 0x02 ;read the third switch and inc vala if pressed
Message[305]: Using default destination of 1 (file).
Message[302]: Register in operand not in bank 0.  Ensure that bank bits are correct.
000C   0AC0           00028     INCF VALA
                      00029 
000D   1D85           00030     BTFSS PORTA, 0x03 ;read the fourth switch and inc vala if pressed
Message[305]: Using default destination of 1 (file).
Message[302]: Register in operand not in bank 0.  Ensure that bank bits are correct.
MPASM 5.53                        TASK 4.ASM   11-18-2013  22:52:10         PAGE  2


LOC  OBJECT CODE     LINE SOURCE TEXT
  VALUE

000E   0AC0           00031     INCF VALA
                      00032 
Message[302]: Register in operand not in bank 0.  Ensure that bank bits are correct.
000F   0840           00033     MOVFW VALA ;move the count into portb
0010   0086           00034     MOVWF PORTB
                      00035 
0011   2805           00036     GOTO MAIN ;keep checking the state of the switches
                      00037     
                      00038     END
MPASM 5.53                        TASK 4.ASM   11-18-2013  22:52:10         PAGE  3


SYMBOL TABLE
  LABEL                             VALUE 

C                                 00000000
DC                                00000001
EEADR                             00000009
EECON1                            00000088
EECON2                            00000089
EEDATA                            00000008
EEIE                              00000006
EEIF                              00000004
F                                 00000001
FSR                               00000004
GIE                               00000007
INDF                              00000000
INIT                              00000000
INTCON                            0000000B
INTE                              00000004
INTEDG                            00000006
INTF                              00000001
IRP                               00000007
MAIN                              00000005
NOT_PD                            00000003
NOT_RBPU                          00000007
NOT_TO                            00000004
OPTION_REG                        00000081
PCL                               00000002
PCLATH                            0000000A
PORTA                             00000005
PORTB                             00000006
PS0                               00000000
PS1                               00000001
PS2                               00000002
PSA                               00000003
RA0                               00000000
RA1                               00000001
RA2                               00000002
RA3                               00000003
RA4                               00000004
RB0                               00000000
RB1                               00000001
RB2                               00000002
RB3                               00000003
RB4                               00000004
RB5                               00000005
RB6                               00000006
RB7                               00000007
RBIE                              00000003
RBIF                              00000000
RD                                00000000
RP0                               00000005
RP1                               00000006
STATUS                            00000003
T0CS                              00000005
T0IE                              00000005
T0IF                              00000002
MPASM 5.53                        TASK 4.ASM   11-18-2013  22:52:10         PAGE  4


SYMBOL TABLE
  LABEL                             VALUE 

T0SE                              00000004
TMR0                              00000001
TMR0IE                            00000005
TMR0IF                            00000002
TRISA                             00000085
TRISA0                            00000000
TRISA1                            00000001
TRISA2                            00000002
TRISA3                            00000003
TRISA4                            00000004
TRISB                             00000086
TRISB0                            00000000
TRISB1                            00000001
TRISB2                            00000002
TRISB3                            00000003
TRISB4                            00000004
TRISB5                            00000005
TRISB6                            00000006
TRISB7                            00000007
VALA                              000000C0
VALB                              000000C1
VALC                              000000C2
W                                 00000000
WR                                00000001
WREN                              00000002
WRERR                             00000003
Z                                 00000002
_CONFIG                           00002007
_CP_OFF                           00003FFF
_CP_ON                            0000000F
_DEVID1                           00002006
_FOSC_EXTRC                       00003FFF
_FOSC_HS                          00003FFE
_FOSC_LP                          00003FFC
_FOSC_XT                          00003FFD
_HS_OSC                           00003FFE
_IDLOC0                           00002000
_IDLOC1                           00002001
_IDLOC2                           00002002
_IDLOC3                           00002003
_LP_OSC                           00003FFC
_PWRTE_OFF                        00003FFF
_PWRTE_ON                         00003FF7
_RC_OSC                           00003FFF
_WDTE_OFF                         00003FFB
_WDTE_ON                          00003FFF
_WDT_OFF                          00003FFB
_WDT_ON                           00003FFF
_XT_OSC                           00003FFD
__16F84A                          00000001
MPASM 5.53                        TASK 4.ASM   11-18-2013  22:52:10         PAGE  5


MEMORY USAGE MAP ('X' = Used,  '-' = Unused)


0000 : XXXXXXXXXXXXXXXX XX-------------- ---------------- ----------------

All other memory blocks unused.

Program Memory Words Used:    18
Program Memory Words Free:  1006


Errors   :     0
Warnings :     3 reported,     0 suppressed
Messages :    12 reported,     0 suppressed

