Message[302] C:\USERS\CHRIS\MPLABXPROJECTS\LIGHTS AND SWITCHES.X\TASK 6.ASM 7 : Register in operand not in bank 0.  Ensure that bank bits are correct.
Message[302] C:\USERS\CHRIS\MPLABXPROJECTS\LIGHTS AND SWITCHES.X\TASK 6.ASM 9 : Register in operand not in bank 0.  Ensure that bank bits are correct.
Warning[207] C:\USERS\CHRIS\MPLABXPROJECTS\LIGHTS AND SWITCHES.X\TASK 6.ASM 13 : Found label after column 1. (VALA)
Warning[207] C:\USERS\CHRIS\MPLABXPROJECTS\LIGHTS AND SWITCHES.X\TASK 6.ASM 14 : Found label after column 1. (VALB)
Warning[207] C:\USERS\CHRIS\MPLABXPROJECTS\LIGHTS AND SWITCHES.X\TASK 6.ASM 15 : Found label after column 1. (VALC)
Warning[207] C:\USERS\CHRIS\MPLABXPROJECTS\LIGHTS AND SWITCHES.X\TASK 6.ASM 17 : Found label after column 1. (COUNTER1)
Warning[207] C:\USERS\CHRIS\MPLABXPROJECTS\LIGHTS AND SWITCHES.X\TASK 6.ASM 18 : Found label after column 1. (COUNTER2)
Warning[207] C:\USERS\CHRIS\MPLABXPROJECTS\LIGHTS AND SWITCHES.X\TASK 6.ASM 19 : Found label after column 1. (COUNTER3)
Warning[207] C:\USERS\CHRIS\MPLABXPROJECTS\LIGHTS AND SWITCHES.X\TASK 6.ASM 20 : Found label after column 1. (COUNTER4)
Warning[207] C:\USERS\CHRIS\MPLABXPROJECTS\LIGHTS AND SWITCHES.X\TASK 6.ASM 21 : Found label after column 1. (COUNTER5)
Warning[207] C:\USERS\CHRIS\MPLABXPROJECTS\LIGHTS AND SWITCHES.X\TASK 6.ASM 22 : Found label after column 1. (COUNTER6)
Message[302] C:\USERS\CHRIS\MPLABXPROJECTS\LIGHTS AND SWITCHES.X\TASK 6.ASM 47 : Register in operand not in bank 0.  Ensure that bank bits are correct.
Message[302] C:\USERS\CHRIS\MPLABXPROJECTS\LIGHTS AND SWITCHES.X\TASK 6.ASM 48 : Register in operand not in bank 0.  Ensure that bank bits are correct.
Message[302] C:\USERS\CHRIS\MPLABXPROJECTS\LIGHTS AND SWITCHES.X\TASK 6.ASM 49 : Register in operand not in bank 0.  Ensure that bank bits are correct.
Message[302] C:\USERS\CHRIS\MPLABXPROJECTS\LIGHTS AND SWITCHES.X\TASK 6.ASM 50 : Register in operand not in bank 0.  Ensure that bank bits are correct.
Message[302] C:\USERS\CHRIS\MPLABXPROJECTS\LIGHTS AND SWITCHES.X\TASK 6.ASM 51 : Register in operand not in bank 0.  Ensure that bank bits are correct.
Message[302] C:\USERS\CHRIS\MPLABXPROJECTS\LIGHTS AND SWITCHES.X\TASK 6.ASM 52 : Register in operand not in bank 0.  Ensure that bank bits are correct.
Message[305] C:\USERS\CHRIS\MPLABXPROJECTS\LIGHTS AND SWITCHES.X\TASK 6.ASM 58 : Using default destination of 1 (file).
Message[302] C:\USERS\CHRIS\MPLABXPROJECTS\LIGHTS AND SWITCHES.X\TASK 6.ASM 58 : Register in operand not in bank 0.  Ensure that bank bits are correct.
Message[305] C:\USERS\CHRIS\MPLABXPROJECTS\LIGHTS AND SWITCHES.X\TASK 6.ASM 62 : Using default destination of 1 (file).
Message[302] C:\USERS\CHRIS\MPLABXPROJECTS\LIGHTS AND SWITCHES.X\TASK 6.ASM 62 : Register in operand not in bank 0.  Ensure that bank bits are correct.
Message[305] C:\USERS\CHRIS\MPLABXPROJECTS\LIGHTS AND SWITCHES.X\TASK 6.ASM 66 : Using default destination of 1 (file).
Message[302] C:\USERS\CHRIS\MPLABXPROJECTS\LIGHTS AND SWITCHES.X\TASK 6.ASM 66 : Register in operand not in bank 0.  Ensure that bank bits are correct.
Message[305] C:\USERS\CHRIS\MPLABXPROJECTS\LIGHTS AND SWITCHES.X\TASK 6.ASM 70 : Using default destination of 1 (file).
Message[302] C:\USERS\CHRIS\MPLABXPROJECTS\LIGHTS AND SWITCHES.X\TASK 6.ASM 70 : Register in operand not in bank 0.  Ensure that bank bits are correct.
Message[305] C:\USERS\CHRIS\MPLABXPROJECTS\LIGHTS AND SWITCHES.X\TASK 6.ASM 74 : Using default destination of 1 (file).
Message[302] C:\USERS\CHRIS\MPLABXPROJECTS\LIGHTS AND SWITCHES.X\TASK 6.ASM 74 : Register in operand not in bank 0.  Ensure that bank bits are correct.
Message[305] C:\USERS\CHRIS\MPLABXPROJECTS\LIGHTS AND SWITCHES.X\TASK 6.ASM 78 : Using default destination of 1 (file).
Message[302] C:\USERS\CHRIS\MPLABXPROJECTS\LIGHTS AND SWITCHES.X\TASK 6.ASM 78 : Register in operand not in bank 0.  Ensure that bank bits are correct.
