MPASM 5.53                        TASK 6.ASM   11-20-2013  23:59:30         PAGE  1


LOC  OBJECT CODE     LINE SOURCE TEXT
  VALUE

                      00001 #include "p16f84a.inc"
                      00001         LIST
                      00002 
                      00003 ;==========================================================================
                      00004 ;  MPASM PIC16F84A processor include
                      00005 ; 
                      00006 ;  (c) Copyright 1999-2013 Microchip Technology, All rights reserved
                      00007 ;==========================================================================
                      00008 
                      00208         LIST
                      00002 
                      00003 ; CONFIG
                      00004 ; __config 0xFFF3
2007   3FF3           00005  __CONFIG _FOSC_EXTRC & _WDTE_OFF & _PWRTE_ON & _CP_OFF
                      00006 
                      00007 ;variable definitions
  00000010            00008 VALA       EQU 0x10
  00000011            00009 COUNTER1   EQU 0x11
  00000012            00010 COUNTER2   EQU 0x12
                      00011 
                      00012 ;;;;;;;;;;;;;;;;;;;;;;;;;;;;;;;;;;;;;;;;;;;;;;;;;;;;;;;;;;;;;;;;;;;;;;;
                      00013 ; INIT                                                                ;
                      00014 ; This section of code is where any pre program setup is done         ;
                      00015 ;;;;;;;;;;;;;;;;;;;;;;;;;;;;;;;;;;;;;;;;;;;;;;;;;;;;;;;;;;;;;;;;;;;;;;;
0000                  00016 INIT:
0000   1683           00017     BSF     STATUS, RP0 ;move to bank 1
                      00018 
0001   30FF           00019     MOVLW   0XFF        ;set the switches for input
Message[302]: Register in operand not in bank 0.  Ensure that bank bits are correct.
0002   0085           00020     MOVWF   TRISA
                      00021 
Message[302]: Register in operand not in bank 0.  Ensure that bank bits are correct.
0003   0186           00022     CLRF    TRISB       ;set the lights for output
                      00023 
0004   1283           00024     BCF     STATUS, RP0 ;move to bank 0
                      00025 
                      00026 ;;;;;;;;;;;;;;;;;;;;;;;;;;;;;;;;;;;;;;;;;;;;;;;;;;;;;;;;;;;;;;;;;;;;;;;
                      00027 ; MAIN                                                                ;
                      00028 ; This is the main entry point of the application                     ;
                      00029 ;;;;;;;;;;;;;;;;;;;;;;;;;;;;;;;;;;;;;;;;;;;;;;;;;;;;;;;;;;;;;;;;;;;;;;;
0005                  00030 MAIN:
0005   1003           00031     BCF     STATUS, C
0006   3001           00032     MOVLW   b'00000001'
0007   0086           00033     MOVWF   PORTB
                      00034 
                      00035 
                      00036 
0008   2009           00037     CALL    KNIGHT
                      00038 
0009                  00039 KNIGHT:
0009   3007           00040     MOVLW   d'07'
000A   0090           00041     MOVWF   VALA
000B   2010           00042     CALL    UP
MPASM 5.53                        TASK 6.ASM   11-20-2013  23:59:30         PAGE  2


LOC  OBJECT CODE     LINE SOURCE TEXT
  VALUE

                      00043 
000C   3007           00044     MOVLW   d'07'
000D   0090           00045     MOVWF   VALA
000E   2017           00046     CALL    DOWN
                      00047 
000F   2809           00048     GOTO KNIGHT
                      00049 
                      00050 ;;;;;;;;;;;;;;;;;;;;;;;;;;;;;;;;;;;;;;;;;;;;;;;;;;;;;;;;;;;;;;;;;;;;;;;
                      00051 ; UP                                                                  ;
                      00052 ; This subroutine is used to wrap moving the light up the board       ;
                      00053 ;;;;;;;;;;;;;;;;;;;;;;;;;;;;;;;;;;;;;;;;;;;;;;;;;;;;;;;;;;;;;;;;;;;;;;;
0010                  00054 UP:
0010   201E           00055     CALL    WAIT
0011   2015           00056     CALL    SHIFT_UP
0012   0B90           00057     DECFSZ  VALA, F
0013   2810           00058     GOTO    UP
0014   0008           00059     RETURN
                      00060 
                      00061 ;;;;;;;;;;;;;;;;;;;;;;;;;;;;;;;;;;;;;;;;;;;;;;;;;;;;;;;;;;;;;;;;;;;;;;;
                      00062 ; SHIFT_UP                                                            ;
                      00063 ; This subroutine is used to create a SLL style function              ;
                      00064 ;;;;;;;;;;;;;;;;;;;;;;;;;;;;;;;;;;;;;;;;;;;;;;;;;;;;;;;;;;;;;;;;;;;;;;;
0015                  00065 SHIFT_UP:
0015   0D86           00066     RLF     PORTB, F
0016   0008           00067     RETURN
                      00068 
                      00069 ;;;;;;;;;;;;;;;;;;;;;;;;;;;;;;;;;;;;;;;;;;;;;;;;;;;;;;;;;;;;;;;;;;;;;;;
                      00070 ; DOWN                                                                ;
                      00071 ; This subroutine is used to wrap moving the light down the board     ;
                      00072 ;;;;;;;;;;;;;;;;;;;;;;;;;;;;;;;;;;;;;;;;;;;;;;;;;;;;;;;;;;;;;;;;;;;;;;;
0017                  00073 DOWN:
0017   201E           00074     CALL    WAIT
0018   201C           00075     CALL    SHIFT_DOWN
0019   0B90           00076     DECFSZ  VALA, F
001A   2817           00077     GOTO    DOWN
001B   0008           00078     RETURN
                      00079 
                      00080 
                      00081 ;;;;;;;;;;;;;;;;;;;;;;;;;;;;;;;;;;;;;;;;;;;;;;;;;;;;;;;;;;;;;;;;;;;;;;;
                      00082 ; SHIFT_DOWN                                                          ;
                      00083 ; This subroutine is used to create a SRL style function              ;
                      00084 ;;;;;;;;;;;;;;;;;;;;;;;;;;;;;;;;;;;;;;;;;;;;;;;;;;;;;;;;;;;;;;;;;;;;;;;
001C                  00085 SHIFT_DOWN:
001C   0C86           00086     RRF     PORTB, F
001D   0008           00087     RETURN
                      00088 
                      00089 ;;;;;;;;;;;;;;;;;;;;;;;;;;;;;;;;;;;;;;;;;;;;;;;;;;;;;;;;;;;;;;;;;;;;;;;
                      00090 ; WAIT                                                                ;
                      00091 ; This subroutine causes the processor to stall for a short period    ;
                      00092 ;;;;;;;;;;;;;;;;;;;;;;;;;;;;;;;;;;;;;;;;;;;;;;;;;;;;;;;;;;;;;;;;;;;;;;;
001E                  00093 WAIT:
001E   307A           00094     MOVLW   0x7A        ;store 255 in both of the counters
001F   0091           00095     MOVWF   COUNTER1
MPASM 5.53                        TASK 6.ASM   11-20-2013  23:59:30         PAGE  3


LOC  OBJECT CODE     LINE SOURCE TEXT
  VALUE

0020   0091           00096     MOVWF   COUNTER1
                      00097 
0021   2822           00098     GOTO    LOOP1       ;go into the first loop
0022                  00099 LOOP1:
0022   0B91           00100     DECFSZ  COUNTER1, F ;decrement the loop counter untill it gets to 0
0023   2825           00101     GOTO    LOOP2       ;move into the second loop
                      00102 
0024   0008           00103     RETURN              ;return the the point where the wait sub was called
0025                  00104 LOOP2:
0025   0B92           00105     DECFSZ  COUNTER2, F ;decrement the loop counter untill it gets to 0
0026   2825           00106     GOTO    LOOP2       ;loop around
0027   2822           00107     GOTO    LOOP1       ;go back to the first loop
                      00108 
                      00109     END
MPASM 5.53                        TASK 6.ASM   11-20-2013  23:59:30         PAGE  4


SYMBOL TABLE
  LABEL                             VALUE 

C                                 00000000
COUNTER1                          00000011
COUNTER2                          00000012
DC                                00000001
DOWN                              00000017
EEADR                             00000009
EECON1                            00000088
EECON2                            00000089
EEDATA                            00000008
EEIE                              00000006
EEIF                              00000004
F                                 00000001
FSR                               00000004
GIE                               00000007
INDF                              00000000
INIT                              00000000
INTCON                            0000000B
INTE                              00000004
INTEDG                            00000006
INTF                              00000001
IRP                               00000007
KNIGHT                            00000009
LOOP1                             00000022
LOOP2                             00000025
MAIN                              00000005
NOT_PD                            00000003
NOT_RBPU                          00000007
NOT_TO                            00000004
OPTION_REG                        00000081
PCL                               00000002
PCLATH                            0000000A
PORTA                             00000005
PORTB                             00000006
PS0                               00000000
PS1                               00000001
PS2                               00000002
PSA                               00000003
RA0                               00000000
RA1                               00000001
RA2                               00000002
RA3                               00000003
RA4                               00000004
RB0                               00000000
RB1                               00000001
RB2                               00000002
RB3                               00000003
RB4                               00000004
RB5                               00000005
RB6                               00000006
RB7                               00000007
RBIE                              00000003
RBIF                              00000000
RD                                00000000
MPASM 5.53                        TASK 6.ASM   11-20-2013  23:59:30         PAGE  5


SYMBOL TABLE
  LABEL                             VALUE 

RP0                               00000005
RP1                               00000006
SHIFT_DOWN                        0000001C
SHIFT_UP                          00000015
STATUS                            00000003
T0CS                              00000005
T0IE                              00000005
T0IF                              00000002
T0SE                              00000004
TMR0                              00000001
TMR0IE                            00000005
TMR0IF                            00000002
TRISA                             00000085
TRISA0                            00000000
TRISA1                            00000001
TRISA2                            00000002
TRISA3                            00000003
TRISA4                            00000004
TRISB                             00000086
TRISB0                            00000000
TRISB1                            00000001
TRISB2                            00000002
TRISB3                            00000003
TRISB4                            00000004
TRISB5                            00000005
TRISB6                            00000006
TRISB7                            00000007
UP                                00000010
VALA                              00000010
W                                 00000000
WAIT                              0000001E
WR                                00000001
WREN                              00000002
WRERR                             00000003
Z                                 00000002
_CONFIG                           00002007
_CP_OFF                           00003FFF
_CP_ON                            0000000F
_DEVID1                           00002006
_FOSC_EXTRC                       00003FFF
_FOSC_HS                          00003FFE
_FOSC_LP                          00003FFC
_FOSC_XT                          00003FFD
_HS_OSC                           00003FFE
_IDLOC0                           00002000
_IDLOC1                           00002001
_IDLOC2                           00002002
_IDLOC3                           00002003
_LP_OSC                           00003FFC
_PWRTE_OFF                        00003FFF
_PWRTE_ON                         00003FF7
_RC_OSC                           00003FFF
_WDTE_OFF                         00003FFB
MPASM 5.53                        TASK 6.ASM   11-20-2013  23:59:30         PAGE  6


SYMBOL TABLE
  LABEL                             VALUE 

_WDTE_ON                          00003FFF
_WDT_OFF                          00003FFB
_WDT_ON                           00003FFF
_XT_OSC                           00003FFD
__16F84A                          00000001


MEMORY USAGE MAP ('X' = Used,  '-' = Unused)

0000 : XXXXXXXXXXXXXXXX XXXXXXXXXXXXXXXX XXXXXXXX-------- ----------------
2000 : -------X-------- ---------------- ---------------- ----------------

All other memory blocks unused.

Program Memory Words Used:    40
Program Memory Words Free:   984


Errors   :     0
Warnings :     0 reported,     0 suppressed
Messages :     2 reported,     0 suppressed

