MPASM 5.53                        TASK 5.ASM   11-20-2013  22:21:23         PAGE  1


LOC  OBJECT CODE     LINE SOURCE TEXT
  VALUE

                      00001 #include "p16f84a.inc"
                      00001         LIST
                      00002 
                      00003 ;==========================================================================
                      00004 ;  MPASM PIC16F84A processor include
                      00005 ; 
                      00006 ;  (c) Copyright 1999-2013 Microchip Technology, All rights reserved
                      00007 ;==========================================================================
                      00008 
                      00208         LIST
                      00002 
                      00003 ; CONFIG
                      00004 ; __config 0xFFF3
2007   3FF3           00005  __CONFIG _FOSC_EXTRC & _WDTE_OFF & _PWRTE_ON & _CP_OFF
                      00006 
                      00007 ;variable definitions
  00000010            00008 VALA       EQU 0x10
  00000011            00009 COUNTER1   EQU 0x11
  00000012            00010 COUNTER2   EQU 0x12
                      00011 
                      00012 ;;;;;;;;;;;;;;;;;;;;;;;;;;;;;;;;;;;;;;;;;;;;;;;;;;;;;;;;;;;;;;;;;;;;;;;
                      00013 ; INIT                                                                ;
                      00014 ; This section of code is where any pre program setup is done         ;
                      00015 ;;;;;;;;;;;;;;;;;;;;;;;;;;;;;;;;;;;;;;;;;;;;;;;;;;;;;;;;;;;;;;;;;;;;;;;
0000                  00016 INIT:
0000   1683           00017     BSF     STATUS, RP0 ;move to bank 1
                      00018 
0001   30FF           00019     MOVLW   0XFF        ;set the switches for input
Message[302]: Register in operand not in bank 0.  Ensure that bank bits are correct.
0002   0085           00020     MOVWF   TRISA
                      00021 
Message[302]: Register in operand not in bank 0.  Ensure that bank bits are correct.
0003   0186           00022     CLRF    TRISB       ;set the lights for output
                      00023 
0004   1283           00024     BCF     STATUS, RP0 ;move to bank 0
                      00025 
                      00026 ;;;;;;;;;;;;;;;;;;;;;;;;;;;;;;;;;;;;;;;;;;;;;;;;;;;;;;;;;;;;;;;;;;;;;;;
                      00027 ; MAIN                                                                ;
                      00028 ; This is the main entry point of the application                     ;
                      00029 ;;;;;;;;;;;;;;;;;;;;;;;;;;;;;;;;;;;;;;;;;;;;;;;;;;;;;;;;;;;;;;;;;;;;;;;
0005                  00030 MAIN:
0005   0190           00031     CLRF    VALA        ;move 0 into vala
                      00032 
0006   2007           00033     CALL    DISPLAY     ;call the display method
                      00034 
                      00035 ;;;;;;;;;;;;;;;;;;;;;;;;;;;;;;;;;;;;;;;;;;;;;;;;;;;;;;;;;;;;;;;;;;;;;;;
                      00036 ; DISPLAY                                                             ;
                      00037 ; This block increments a counter displays the value on the lights    ;
                      00038 ; it then stalls for a short period before continuing                 ;
                      00039 ;;;;;;;;;;;;;;;;;;;;;;;;;;;;;;;;;;;;;;;;;;;;;;;;;;;;;;;;;;;;;;;;;;;;;;;
                      00040 
0007                  00041 DISPLAY:
0007   0810           00042     MOVFW   VALA        ;move the current value of vala into portb
MPASM 5.53                        TASK 5.ASM   11-20-2013  22:21:23         PAGE  2


LOC  OBJECT CODE     LINE SOURCE TEXT
  VALUE

0008   0086           00043     MOVWF   PORTB
                      00044 
0009   200C           00045     CALL    WAIT        ;call the wait function
                      00046   
000A   0A90           00047     INCF    VALA, f     ;increment the count
                      00048 
000B   2807           00049     GOTO    DISPLAY     ;do over
                      00050 
                      00051 ;;;;;;;;;;;;;;;;;;;;;;;;;;;;;;;;;;;;;;;;;;;;;;;;;;;;;;;;;;;;;;;;;;;;;;;
                      00052 ; WAIT                                                                ;
                      00053 ; This subroutine causes the processor to stall for a short period    ;
                      00054 ;;;;;;;;;;;;;;;;;;;;;;;;;;;;;;;;;;;;;;;;;;;;;;;;;;;;;;;;;;;;;;;;;;;;;;;
000C                  00055 WAIT:
000C   3060           00056     MOVLW   0x60        ;store 255 in both of the counters
000D   0091           00057     MOVWF   COUNTER1
000E   0091           00058     MOVWF   COUNTER1
                      00059 
000F   2810           00060     GOTO    LOOP1       ;go into the first loop
0010                  00061 LOOP1:
Message[305]: Using default destination of 1 (file).
0010   0B91           00062     DECFSZ  COUNTER1    ;decrement the loop counter untill it gets to 0
0011   2813           00063     GOTO    LOOP2       ;move into the second loop
                      00064 
0012   0008           00065     RETURN              ;return the the point where the wait sub was called
0013                  00066 LOOP2:
Message[305]: Using default destination of 1 (file).
0013   0B92           00067     DECFSZ  COUNTER2    ;decrement the loop counter untill it gets to 0
0014   2813           00068     GOTO    LOOP2       ;loop around
0015   2810           00069     GOTO    LOOP1       ;go back to the first loop
                      00070 
                      00071     END
MPASM 5.53                        TASK 5.ASM   11-20-2013  22:21:23         PAGE  3


SYMBOL TABLE
  LABEL                             VALUE 

C                                 00000000
COUNTER1                          00000011
COUNTER2                          00000012
DC                                00000001
DISPLAY                           00000007
EEADR                             00000009
EECON1                            00000088
EECON2                            00000089
EEDATA                            00000008
EEIE                              00000006
EEIF                              00000004
F                                 00000001
FSR                               00000004
GIE                               00000007
INDF                              00000000
INIT                              00000000
INTCON                            0000000B
INTE                              00000004
INTEDG                            00000006
INTF                              00000001
IRP                               00000007
LOOP1                             00000010
LOOP2                             00000013
MAIN                              00000005
NOT_PD                            00000003
NOT_RBPU                          00000007
NOT_TO                            00000004
OPTION_REG                        00000081
PCL                               00000002
PCLATH                            0000000A
PORTA                             00000005
PORTB                             00000006
PS0                               00000000
PS1                               00000001
PS2                               00000002
PSA                               00000003
RA0                               00000000
RA1                               00000001
RA2                               00000002
RA3                               00000003
RA4                               00000004
RB0                               00000000
RB1                               00000001
RB2                               00000002
RB3                               00000003
RB4                               00000004
RB5                               00000005
RB6                               00000006
RB7                               00000007
RBIE                              00000003
RBIF                              00000000
RD                                00000000
RP0                               00000005
MPASM 5.53                        TASK 5.ASM   11-20-2013  22:21:23         PAGE  4


SYMBOL TABLE
  LABEL                             VALUE 

RP1                               00000006
STATUS                            00000003
T0CS                              00000005
T0IE                              00000005
T0IF                              00000002
T0SE                              00000004
TMR0                              00000001
TMR0IE                            00000005
TMR0IF                            00000002
TRISA                             00000085
TRISA0                            00000000
TRISA1                            00000001
TRISA2                            00000002
TRISA3                            00000003
TRISA4                            00000004
TRISB                             00000086
TRISB0                            00000000
TRISB1                            00000001
TRISB2                            00000002
TRISB3                            00000003
TRISB4                            00000004
TRISB5                            00000005
TRISB6                            00000006
TRISB7                            00000007
VALA                              00000010
W                                 00000000
WAIT                              0000000C
WR                                00000001
WREN                              00000002
WRERR                             00000003
Z                                 00000002
_CONFIG                           00002007
_CP_OFF                           00003FFF
_CP_ON                            0000000F
_DEVID1                           00002006
_FOSC_EXTRC                       00003FFF
_FOSC_HS                          00003FFE
_FOSC_LP                          00003FFC
_FOSC_XT                          00003FFD
_HS_OSC                           00003FFE
_IDLOC0                           00002000
_IDLOC1                           00002001
_IDLOC2                           00002002
_IDLOC3                           00002003
_LP_OSC                           00003FFC
_PWRTE_OFF                        00003FFF
_PWRTE_ON                         00003FF7
_RC_OSC                           00003FFF
_WDTE_OFF                         00003FFB
_WDTE_ON                          00003FFF
_WDT_OFF                          00003FFB
_WDT_ON                           00003FFF
_XT_OSC                           00003FFD
MPASM 5.53                        TASK 5.ASM   11-20-2013  22:21:23         PAGE  5


SYMBOL TABLE
  LABEL                             VALUE 

__16F84A                          00000001


MEMORY USAGE MAP ('X' = Used,  '-' = Unused)

0000 : XXXXXXXXXXXXXXXX XXXXXX---------- ---------------- ----------------
2000 : -------X-------- ---------------- ---------------- ----------------

All other memory blocks unused.

Program Memory Words Used:    22
Program Memory Words Free:  1002


Errors   :     0
Warnings :     0 reported,     0 suppressed
Messages :     4 reported,     0 suppressed

