MPASM 5.53                        TASK 2.ASM   11-20-2013  20:28:52         PAGE  1


LOC  OBJECT CODE     LINE SOURCE TEXT
  VALUE

                      00001  #include "p16f84a.inc"
                      00001         LIST
                      00002 
                      00003 ;==========================================================================
                      00004 ;  MPASM PIC16F84A processor include
                      00005 ; 
                      00006 ;  (c) Copyright 1999-2013 Microchip Technology, All rights reserved
                      00007 ;==========================================================================
                      00008 
                      00208         LIST
                      00002 
                      00003 ; CONFIG
                      00004 ; __config 0xFFF3
2007   3FF3           00005  __CONFIG _FOSC_EXTRC & _WDTE_OFF & _PWRTE_ON & _CP_OFF
                      00006 
                      00007 
                      00008 
                      00009 ;;;;;;;;;;;;;;;;;;;;;;;;;;;;;;;;;;;;;;;;;;;;;;;;;;;;;;;;;;;;;;;;;;;;;;;
                      00010 ; INIT                                                                ;
                      00011 ; This section of code is where any pre program setup is done         ;
                      00012 ;;;;;;;;;;;;;;;;;;;;;;;;;;;;;;;;;;;;;;;;;;;;;;;;;;;;;;;;;;;;;;;;;;;;;;;
0000                  00013 INIT:
0000   1683           00014     BSF     STATUS, RP0 ;move to bank 1
                      00015 
0001   30FF           00016     MOVLW   0XFF        ;set the switches for input
Message[302]: Register in operand not in bank 0.  Ensure that bank bits are correct.
0002   0085           00017     MOVWF   TRISA
                      00018 
Message[302]: Register in operand not in bank 0.  Ensure that bank bits are correct.
0003   0186           00019     CLRF    TRISB       ;set the lights for output
                      00020 
0004   1283           00021     BCF     STATUS, RP0 ;move to bank 0
                      00022 
                      00023     ;variable definitions
Warning[207]: Found label after column 1. (VALA)
  0000000C            00024     VALA EQU 0x0C
Warning[207]: Found label after column 1. (VALB)
  0000000D            00025     VALB EQU 0x0D
Warning[207]: Found label after column 1. (VALC)
  0000000E            00026     VALC EQU 0x0E
                      00027 
                      00028 ;;;;;;;;;;;;;;;;;;;;;;;;;;;;;;;;;;;;;;;;;;;;;;;;;;;;;;;;;;;;;;;;;;;;;;;
                      00029 ; MAIN                                                                ;
                      00030 ; This is the main entry point of the application                     ;
                      00031 ;;;;;;;;;;;;;;;;;;;;;;;;;;;;;;;;;;;;;;;;;;;;;;;;;;;;;;;;;;;;;;;;;;;;;;;
0005                  00032 MAIN:
0005   30AA           00033     MOVLW   0xAA        ;set the value of VALA
0006   008C           00034     MOVWF   VALA
                      00035 
0007   30CC           00036     MOVLW   0xCC        ;set the value of VALB
0008   008D           00037     MOVWF   VALB
                      00038 
0009   30EE           00039     MOVLW   0xEE        ;set the value of VALC
MPASM 5.53                        TASK 2.ASM   11-20-2013  20:28:52         PAGE  2


LOC  OBJECT CODE     LINE SOURCE TEXT
  VALUE

000A   008E           00040     MOVWF   VALC
                      00041 
000B   080C           00042     MOVFW   VALA        ;write the value in the register into PORTB
000C   0086           00043     MOVWF   PORTB
                      00044 
                      00045     END
MPASM 5.53                        TASK 2.ASM   11-20-2013  20:28:52         PAGE  3


SYMBOL TABLE
  LABEL                             VALUE 

C                                 00000000
DC                                00000001
EEADR                             00000009
EECON1                            00000088
EECON2                            00000089
EEDATA                            00000008
EEIE                              00000006
EEIF                              00000004
F                                 00000001
FSR                               00000004
GIE                               00000007
INDF                              00000000
INIT                              00000000
INTCON                            0000000B
INTE                              00000004
INTEDG                            00000006
INTF                              00000001
IRP                               00000007
MAIN                              00000005
NOT_PD                            00000003
NOT_RBPU                          00000007
NOT_TO                            00000004
OPTION_REG                        00000081
PCL                               00000002
PCLATH                            0000000A
PORTA                             00000005
PORTB                             00000006
PS0                               00000000
PS1                               00000001
PS2                               00000002
PSA                               00000003
RA0                               00000000
RA1                               00000001
RA2                               00000002
RA3                               00000003
RA4                               00000004
RB0                               00000000
RB1                               00000001
RB2                               00000002
RB3                               00000003
RB4                               00000004
RB5                               00000005
RB6                               00000006
RB7                               00000007
RBIE                              00000003
RBIF                              00000000
RD                                00000000
RP0                               00000005
RP1                               00000006
STATUS                            00000003
T0CS                              00000005
T0IE                              00000005
T0IF                              00000002
MPASM 5.53                        TASK 2.ASM   11-20-2013  20:28:52         PAGE  4


SYMBOL TABLE
  LABEL                             VALUE 

T0SE                              00000004
TMR0                              00000001
TMR0IE                            00000005
TMR0IF                            00000002
TRISA                             00000085
TRISA0                            00000000
TRISA1                            00000001
TRISA2                            00000002
TRISA3                            00000003
TRISA4                            00000004
TRISB                             00000086
TRISB0                            00000000
TRISB1                            00000001
TRISB2                            00000002
TRISB3                            00000003
TRISB4                            00000004
TRISB5                            00000005
TRISB6                            00000006
TRISB7                            00000007
VALA                              0000000C
VALB                              0000000D
VALC                              0000000E
W                                 00000000
WR                                00000001
WREN                              00000002
WRERR                             00000003
Z                                 00000002
_CONFIG                           00002007
_CP_OFF                           00003FFF
_CP_ON                            0000000F
_DEVID1                           00002006
_FOSC_EXTRC                       00003FFF
_FOSC_HS                          00003FFE
_FOSC_LP                          00003FFC
_FOSC_XT                          00003FFD
_HS_OSC                           00003FFE
_IDLOC0                           00002000
_IDLOC1                           00002001
_IDLOC2                           00002002
_IDLOC3                           00002003
_LP_OSC                           00003FFC
_PWRTE_OFF                        00003FFF
_PWRTE_ON                         00003FF7
_RC_OSC                           00003FFF
_WDTE_OFF                         00003FFB
_WDTE_ON                          00003FFF
_WDT_OFF                          00003FFB
_WDT_ON                           00003FFF
_XT_OSC                           00003FFD
__16F84A                          00000001
MPASM 5.53                        TASK 2.ASM   11-20-2013  20:28:52         PAGE  5


MEMORY USAGE MAP ('X' = Used,  '-' = Unused)


0000 : XXXXXXXXXXXXX--- ---------------- ---------------- ----------------
2000 : -------X-------- ---------------- ---------------- ----------------

All other memory blocks unused.

Program Memory Words Used:    13
Program Memory Words Free:  1011


Errors   :     0
Warnings :     3 reported,     0 suppressed
Messages :     2 reported,     0 suppressed

